<?xml version="1.0" encoding="UTF-8"?>
<!-- Generated by org.testng.reporters.JUnitReportReporter -->
<testsuite hostname="DESKTOP-2JBFBCA" failures="0" tests="2" name="udemyPractice.RestAPITest" time="0.000" errors="0" timestamp="2021-05-27T12:40:30 EDT" skipped="0">
  <testcase classname="udemyPractice.RestAPITest" name="deleteTweeter" time="0.000"/>
  <system-out/>
  <testcase classname="udemyPractice.RestAPITest" name="postJira" time="0.000"/>
  <system-out/>
</testsuite> <!-- udemyPractice.RestAPITest -->
