<?xml version="1.0" encoding="UTF-8"?>
<!-- Generated by org.testng.reporters.JUnitReportReporter -->
<testsuite hostname="DESKTOP-2JBFBCA" failures="0" tests="2" name="udemyPractice.AppiumTest" time="0.001" errors="0" timestamp="2021-05-27T12:40:30 EDT" skipped="0">
  <testcase classname="udemyPractice.AppiumTest" name="NativeAppAndroid" time="0.001"/>
  <system-out/>
  <testcase classname="udemyPractice.AppiumTest" name="iosApps" time="0.000"/>
  <system-out/>
</testsuite> <!-- udemyPractice.AppiumTest -->
