<?xml version="1.0" encoding="UTF-8"?>
<!-- Generated by org.testng.reporters.JUnitReportReporter -->
<testsuite hostname="DESKTOP-2JBFBCA" failures="0" tests="2" name="udemyPractice.SeleniumTest" time="0.006" errors="0" timestamp="2021-05-27T12:40:30 EDT" skipped="0">
  <testcase classname="udemyPractice.SeleniumTest" name="elementsUI" time="0.001"/>
  <system-out/>
  <testcase classname="udemyPractice.SeleniumTest" name="browserAutomation" time="0.005"/>
  <system-out/>
</testsuite> <!-- udemyPractice.SeleniumTest -->
